[2025-03-30 18:04:16] [ERROR] 


[2025-03-30 18:04:16] [ERROR] Welcome to Smart Home
[2025-03-30 18:04:16] [INFO] Reading light sensor...
[2025-03-30 18:04:16] [INFO] Reading fan sensor...
[2025-03-30 18:04:16] [INFO] Reading AC sensor...
[2025-03-30 18:04:17] [INFO] Light sensor value: 10.000000
[2025-03-30 18:04:17] [INFO] Fan sensor value: 123.456000
[2025-03-30 18:04:17] [INFO] AC sensor value: 0.123457
[2025-03-30 18:04:21] [INFO] Light sensor value: 10.000000
[2025-03-30 18:04:23] [INFO] Fan sensor value: 123.456000
[2025-03-30 18:04:24] [INFO] Light sensor value: 11.000000
[2025-03-30 18:04:27] [INFO] Light sensor value: 11.000000
[2025-03-30 18:04:28] [INFO] AC sensor value: 0.123457
[2025-03-30 18:04:28] [INFO] Fan sensor value: 123.456000
[2025-03-30 18:04:30] [INFO] Light sensor value: 12.000000
[2025-03-30 18:04:33] [INFO] Fan sensor value: 123.456000
[2025-03-30 18:04:33] [INFO] Light sensor value: 12.000000
[2025-03-30 18:04:36] [INFO] Light sensor value: 15.000000
[2025-03-30 18:04:38] [INFO] AC sensor value: 0.123457
[2025-03-30 18:04:38] [INFO] Fan sensor value: 123.456000
[2025-03-30 18:04:39] [INFO] Light sensor value: 15.000000
[2025-03-30 18:04:42] [INFO] Light sensor value: 16.500000
[2025-03-30 18:04:43] [INFO] Fan sensor value: 123.456000
[2025-03-30 18:04:45] [INFO] Light sensor value: 16.500000
[2025-03-30 18:04:48] [INFO] AC sensor value: 0.123457
[2025-03-30 18:04:48] [INFO] Fan sensor value: 123.456000
[2025-03-30 18:04:48] [INFO] Light sensor value: 20.234200
[2025-04-06 18:33:45] [ERROR] 


[2025-04-06 18:33:45] [ERROR] Welcome to Smart Home
[2025-04-06 18:35:59] [ERROR] 


[2025-04-06 18:35:59] [ERROR] Welcome to Smart Home
[2025-04-06 18:38:15] [ERROR] 


[2025-04-06 18:38:15] [ERROR] Welcome to Smart Home
[2025-04-06 18:52:38] [ERROR] 


[2025-04-06 18:52:38] [ERROR] Welcome to Smart Home
[2025-04-06 18:52:38] [INFO] Mocking sensor readings...
[2025-04-06 18:52:50] [ERROR] 


[2025-04-06 18:52:50] [ERROR] Welcome to Smart Home
[2025-04-06 18:52:50] [INFO] Mocking sensor readings...
[2025-04-06 18:53:05] [ERROR] 


[2025-04-06 18:53:05] [ERROR] Welcome to Smart Home
[2025-04-06 18:53:05] [INFO] Mocking sensor readings...
[2025-04-06 18:53:13] [ERROR] 


[2025-04-06 18:53:13] [ERROR] Welcome to Smart Home
[2025-04-06 18:53:13] [INFO] Reading light sensor...
[2025-04-06 18:53:13] [INFO] Reading fan sensor...
[2025-04-06 18:53:13] [INFO] Reading AC sensor...
[2025-04-06 18:53:13] [INFO] AC sensor value: 1053.568604
[2025-04-06 18:53:13] [INFO] Fan sensor value: 60.748661
[2025-04-06 18:53:13] [INFO] Light sensor value: 7.086462
[2025-04-06 18:53:14] [ERROR] Exiting...!
[2025-04-06 18:53:16] [INFO] Light sensor value: 7.086462
[2025-04-06 18:53:18] [INFO] Fan sensor value: 60.748661
[2025-04-06 18:53:18] [ERROR] Exiting...!
[2025-04-06 18:53:19] [INFO] Light sensor value: 7.086462
[2025-04-06 18:53:22] [ERROR] Exiting...!
[2025-04-06 18:53:22] [INFO] Light sensor value: 7.086462
[2025-04-06 18:53:22] [ERROR] Exiting...!
[2025-04-06 18:53:23] [INFO] AC sensor value: 1053.568604
[2025-04-06 18:53:23] [INFO] Fan sensor value: 60.748661
[2025-04-06 18:53:23] [ERROR] Exiting...!
[2025-04-06 18:53:23] [INFO] Light sensor value: 7.086462
[2025-04-06 18:53:23] [ERROR] Exiting...!
[2025-04-06 18:53:45] [ERROR] 


[2025-04-06 18:53:45] [ERROR] Welcome to Smart Home
[2025-04-06 18:53:45] [INFO] Reading light sensor...
[2025-04-06 18:53:45] [INFO] Reading fan sensor...
[2025-04-06 18:53:45] [INFO] Reading AC sensor...
[2025-04-06 18:53:45] [INFO] Fan sensor value: 60.748661
[2025-04-06 18:53:45] [INFO] Light sensor value: 7.086462
[2025-04-06 18:53:45] [INFO] AC sensor value: 1053.568604
[2025-04-06 18:53:46] [ERROR] Exiting...!
[2025-04-06 19:04:10] [ERROR] 


[2025-04-06 19:04:10] [ERROR] Welcome to Smart Home
[2025-04-06 19:04:10] [INFO] Reading light sensor...
[2025-04-06 19:04:10] [INFO] Reading fan sensor...
[2025-04-06 19:04:10] [INFO] Reading AC sensor...
[2025-04-06 19:04:10] [INFO] Light sensor value: 7.086462
[2025-04-06 19:04:10] [INFO] Fan sensor value: 60.748661
[2025-04-06 19:04:10] [INFO] AC sensor value: 1053.568604
[2025-04-06 19:04:12] [ERROR] Exiting...!
[2025-04-06 19:12:43] [ERROR] 


[2025-04-06 19:12:43] [ERROR] Welcome to Smart Home
[2025-04-06 19:12:43] [INFO] Reading light sensor...
[2025-04-06 19:12:43] [ERROR] Failed to create fan thread
[2025-04-06 19:12:43] [INFO] Reading fan sensor...
[2025-04-06 19:13:31] [ERROR] 


[2025-04-06 19:13:31] [ERROR] Welcome to Smart Home
[2025-04-06 19:13:31] [ERROR] Failed to create fan thread
[2025-04-06 19:13:31] [INFO] Reading light sensor...
[2025-04-06 19:13:31] [INFO] Reading fan sensor...
[2025-04-06 19:13:34] [ERROR] 


[2025-04-06 19:13:34] [ERROR] Welcome to Smart Home
[2025-04-06 19:13:34] [ERROR] Failed to create fan thread
[2025-04-06 19:13:34] [INFO] Reading light sensor...
[2025-04-06 19:13:34] [INFO] Reading fan sensor...
[2025-04-06 19:15:57] [ERROR] 


[2025-04-06 19:15:57] [ERROR] Welcome to Smart Home
[2025-04-06 19:15:57] [INFO] Reading light sensor...
[2025-04-06 19:15:57] [INFO] Reading fan sensor...
[2025-04-06 19:15:57] [INFO] Reading AC sensor...
[2025-04-06 19:15:57] [INFO] Light sensor value: 7.086462
[2025-04-06 19:15:57] [INFO] Fan sensor value: 60.748661
[2025-04-06 19:15:57] [INFO] AC sensor value: 1053.568604
[2025-04-06 19:16:21] [ERROR] 


[2025-04-06 19:16:21] [ERROR] Welcome to Smart Home
[2025-04-06 19:16:21] [INFO] Reading light sensor...
[2025-04-06 19:16:21] [INFO] Reading fan sensor...
[2025-04-06 19:16:21] [INFO] Reading AC sensor...
[2025-04-06 19:16:21] [INFO] Light sensor value: 7.086462
[2025-04-06 19:16:21] [INFO] Fan sensor value: 60.748661
[2025-04-06 19:16:21] [INFO] AC sensor value: 1053.568604
[2025-04-06 19:16:22] [ERROR] SIGINT received. Exiting...
[2025-04-06 19:16:36] [ERROR] 


[2025-04-06 19:16:36] [ERROR] Welcome to Smart Home
[2025-04-06 19:16:36] [INFO] Reading light sensor...
[2025-04-06 19:16:36] [INFO] Reading fan sensor...
[2025-04-06 19:16:36] [INFO] Reading AC sensor...
[2025-04-06 19:16:36] [INFO] Light sensor value: 7.086462
[2025-04-06 19:16:36] [INFO] Fan sensor value: 60.748661
[2025-04-06 19:16:36] [INFO] AC sensor value: 1053.568604
[2025-04-06 19:16:37] [ERROR] SIGINT received. Exiting...
[2025-04-06 19:16:37] [ERROR] SIGINT received. Exiting...
[2025-04-06 19:17:45] [ERROR] 


[2025-04-06 19:17:45] [ERROR] Welcome to Smart Home
[2025-04-06 19:17:45] [INFO] Reading light sensor...
[2025-04-06 19:17:45] [INFO] Reading AC sensor...
[2025-04-06 19:17:45] [INFO] Reading fan sensor...
[2025-04-06 19:17:45] [INFO] Light sensor value: 7.086462
[2025-04-06 19:17:45] [INFO] AC sensor value: 1053.568604
[2025-04-06 19:17:45] [INFO] Fan sensor value: 60.748661
[2025-04-06 19:17:48] [INFO] Light sensor value: 7.086462
[2025-04-06 19:17:50] [INFO] Fan sensor value: 60.748661
[2025-04-06 19:17:51] [INFO] Light sensor value: 7.086462
[2025-04-06 19:17:54] [INFO] Light sensor value: 7.086462
[2025-04-06 19:17:55] [INFO] AC sensor value: 1053.568604
[2025-04-06 19:17:55] [INFO] Fan sensor value: 60.748661
[2025-04-06 19:17:57] [INFO] Light sensor value: 7.086462
[2025-04-06 19:18:00] [INFO] Fan sensor value: 60.748661
[2025-04-06 19:18:00] [INFO] Light sensor value: 7.086462
[2025-04-06 19:18:03] [INFO] Light sensor value: 7.086462
[2025-04-06 19:18:03] [ERROR] SIGINT received. Exiting...
[2025-04-06 19:18:03] [ERROR] SIGINT received. Exiting...
[2025-04-06 19:19:34] [ERROR] 


[2025-04-06 19:19:34] [ERROR] Welcome to Smart Home
[2025-04-06 19:19:34] [INFO] Mocking sensor readings...
[2025-04-06 19:19:34] [INFO] Reading light sensor...
[2025-04-06 19:19:34] [INFO] Reading AC sensor...
[2025-04-06 19:19:34] [INFO] Reading fan sensor...
[2025-04-06 19:19:34] [INFO] AC sensor value: 1053.568604
[2025-04-06 19:19:34] [INFO] Fan sensor value: 60.748661
[2025-04-06 19:19:34] [INFO] Light sensor value: 7.086462
[2025-04-06 19:19:37] [INFO] Light sensor value: 7.086462
[2025-04-06 19:19:39] [INFO] Fan sensor value: 60.748661
[2025-04-06 19:19:40] [INFO] Light sensor value: 7.086462
[2025-04-06 19:19:44] [INFO] Light sensor value: 7.086462
[2025-04-06 19:19:44] [INFO] AC sensor value: 1053.568604
[2025-04-06 19:19:44] [INFO] Fan sensor value: 60.748661
[2025-04-06 19:19:47] [INFO] Light sensor value: 7.086462
[2025-04-06 19:19:50] [INFO] Fan sensor value: 60.748661
[2025-04-06 19:19:50] [INFO] Light sensor value: 7.086462
[2025-04-06 19:19:53] [INFO] Light sensor value: 7.086462
[2025-04-06 19:19:54] [INFO] AC sensor value: 1053.568604
[2025-04-06 19:19:55] [INFO] Fan sensor value: 60.748661
[2025-04-06 19:19:56] [INFO] Light sensor value: 7.086462
[2025-04-06 19:19:59] [INFO] Light sensor value: 7.086462
[2025-04-06 19:20:00] [INFO] Fan sensor value: 60.748661
[2025-04-06 19:20:02] [INFO] Light sensor value: 7.086462
[2025-04-06 19:20:05] [INFO] AC sensor value: 1053.568604
[2025-04-06 19:20:05] [INFO] Fan sensor value: 60.748661
[2025-04-06 19:20:05] [INFO] Light sensor value: 7.086462
[2025-04-06 19:20:08] [INFO] Light sensor value: 7.086462
[2025-04-06 19:20:10] [INFO] Fan sensor value: 60.748661
[2025-04-06 19:20:11] [INFO] Light sensor value: 7.086462
[2025-04-06 19:20:14] [INFO] Light sensor value: 7.086462
[2025-04-06 19:20:15] [INFO] AC sensor value: 1053.568604
[2025-04-06 19:20:15] [INFO] Fan sensor value: 60.748661
[2025-04-06 19:20:17] [INFO] Light sensor value: 7.086462
[2025-04-06 19:20:20] [INFO] Fan sensor value: 60.748661
[2025-04-06 19:20:20] [INFO] Light sensor value: 7.086462
[2025-04-06 19:20:23] [INFO] Light sensor value: 7.086462
[2025-04-06 19:20:25] [INFO] AC sensor value: 1053.568604
[2025-04-06 19:20:25] [INFO] Fan sensor value: 60.748661
[2025-04-06 19:20:26] [INFO] Light sensor value: 7.086462
[2025-04-06 19:20:29] [INFO] Light sensor value: 7.086462
[2025-04-06 19:20:30] [INFO] Fan sensor value: 60.748661
[2025-04-06 19:20:32] [INFO] Light sensor value: 7.086462
[2025-04-06 19:20:35] [INFO] AC sensor value: 1053.568604
[2025-04-06 19:20:35] [INFO] Fan sensor value: 60.748661
[2025-04-06 19:20:35] [INFO] Light sensor value: 7.086462
[2025-04-06 19:20:38] [INFO] Light sensor value: 7.086462
[2025-04-06 19:20:40] [INFO] Fan sensor value: 60.748661
[2025-04-06 19:20:41] [INFO] Light sensor value: 7.086462
[2025-04-06 19:20:44] [INFO] Light sensor value: 7.086462
[2025-04-06 19:20:45] [INFO] AC sensor value: 1053.568604
[2025-04-06 19:20:45] [INFO] Fan sensor value: 60.748661
[2025-04-06 19:20:47] [INFO] Light sensor value: 7.086462
[2025-04-06 19:20:50] [INFO] Fan sensor value: 60.748661
[2025-04-06 19:20:50] [INFO] Light sensor value: 7.086462
[2025-04-06 19:20:53] [INFO] Light sensor value: 7.086462
[2025-04-06 19:20:55] [INFO] AC sensor value: 1053.568604
[2025-04-06 19:20:55] [INFO] Fan sensor value: 60.748661
[2025-04-06 19:20:56] [INFO] Light sensor value: 7.086462
[2025-04-06 19:20:59] [INFO] Light sensor value: 7.086462
[2025-04-06 19:21:00] [INFO] Fan sensor value: 60.748661
[2025-04-06 19:21:00] [ERROR] SIGINT received. Exiting...
[2025-04-06 19:21:03] [ERROR] 


[2025-04-06 19:21:03] [ERROR] Welcome to Smart Home
[2025-04-06 19:21:03] [INFO] Mocking sensor readings...
[2025-04-06 19:21:03] [INFO] Reading light sensor...
[2025-04-06 19:21:03] [INFO] Reading AC sensor...
[2025-04-06 19:21:03] [INFO] Reading fan sensor...
[2025-04-06 19:21:03] [INFO] Light sensor value: 7.086462
[2025-04-06 19:21:03] [INFO] Fan sensor value: 60.748661
[2025-04-06 19:21:03] [INFO] AC sensor value: 1053.568604
[2025-04-06 19:21:06] [INFO] Light sensor value: 7.086462
[2025-04-06 19:21:08] [INFO] Fan sensor value: 60.748661
[2025-04-06 19:21:09] [INFO] Light sensor value: 7.086462
[2025-04-06 19:21:12] [INFO] Light sensor value: 7.086462
[2025-04-06 19:21:13] [INFO] AC sensor value: 1053.568604
[2025-04-06 19:21:13] [INFO] Fan sensor value: 60.748661
[2025-04-06 19:21:15] [INFO] Light sensor value: 7.086462
[2025-04-06 19:21:16] [ERROR] SIGINT received. Exiting...
[2025-04-06 19:21:27] [ERROR] 


[2025-04-06 19:21:27] [ERROR] Welcome to Smart Home
[2025-04-06 19:21:27] [INFO] Reading light sensor...
[2025-04-06 19:21:27] [INFO] Reading AC sensor...
[2025-04-06 19:21:27] [INFO] Reading fan sensor...
[2025-04-06 19:21:27] [INFO] Mocking sensor readings...
[2025-04-06 19:21:27] [INFO] Fan sensor value: 60.748661
[2025-04-06 19:21:27] [INFO] AC sensor value: 1053.568604
[2025-04-06 19:21:27] [INFO] Light sensor value: 7.086462
[2025-04-06 19:21:30] [INFO] Light sensor value: 7.086462
[2025-04-06 19:21:32] [INFO] Fan sensor value: 60.748661
[2025-04-06 19:21:33] [INFO] Light sensor value: 7.086462
[2025-04-06 19:21:33] [ERROR] SIGINT received. Exiting...
[2025-04-06 19:22:03] [ERROR] 


[2025-04-06 19:22:03] [ERROR] Welcome to Smart Home
[2025-04-06 19:22:03] [INFO] Reading light sensor...
[2025-04-06 19:22:03] [INFO] Mocking sensor readings...
[2025-04-06 19:22:03] [INFO] Reading fan sensor...
[2025-04-06 19:22:03] [INFO] Reading AC sensor...
[2025-04-06 19:22:03] [INFO] Light sensor value: 10.502258
[2025-04-06 19:22:03] [INFO] Fan sensor value: 66.222809
[2025-04-06 19:22:03] [INFO] AC sensor value: 803.255371
[2025-04-06 19:22:06] [INFO] Light sensor value: 10.502258
[2025-04-06 19:22:08] [INFO] Fan sensor value: 66.222809
[2025-04-06 19:22:09] [INFO] Light sensor value: 10.502258
[2025-04-06 19:22:12] [INFO] Light sensor value: 10.502258
[2025-04-06 19:22:13] [INFO] AC sensor value: 803.255371
[2025-04-06 19:22:13] [INFO] Fan sensor value: 66.222809
[2025-04-06 19:22:14] [ERROR] SIGINT received. Exiting...
[2025-04-06 19:24:37] [ERROR] 


[2025-04-06 19:24:37] [ERROR] Welcome to Smart Home
[2025-04-06 19:24:37] [INFO] Reading light sensor...
[2025-04-06 19:24:37] [INFO] Mocking sensor readings...
[2025-04-06 19:24:37] [INFO] Reading fan sensor...
[2025-04-06 19:24:37] [INFO] Reading AC sensor...
[2025-04-06 19:24:37] [INFO] Fan sensor value: 66.222809
[2025-04-06 19:24:37] [INFO] AC sensor value: 803.255371
[2025-04-06 19:24:37] [INFO] Light sensor value: 10.502258
[2025-04-06 19:24:40] [INFO] Light sensor value: 10.502258
[2025-04-06 19:24:42] [INFO] Fan sensor value: 66.222809
[2025-04-06 19:24:43] [INFO] Light sensor value: 10.502258
[2025-04-06 19:24:46] [INFO] Light sensor value: 10.502258
[2025-04-06 19:24:47] [INFO] AC sensor value: 803.255371
[2025-04-06 19:24:47] [INFO] Fan sensor value: 66.222809
[2025-04-06 19:24:47] [ERROR] SIGINT received. Exiting...
[2025-04-06 19:25:26] [ERROR] 


[2025-04-06 19:25:26] [ERROR] Welcome to Smart Home
[2025-04-06 19:25:26] [INFO] Mocking sensor readings...
[2025-04-06 19:25:26] [INFO] Reading light sensor...
[2025-04-06 19:25:26] [INFO] Reading fan sensor...
[2025-04-06 19:25:26] [INFO] Reading AC sensor...
[2025-04-06 19:25:26] [INFO] Light sensor value: 10.502258
[2025-04-06 19:25:26] [INFO] AC sensor value: 803.255371
[2025-04-06 19:25:26] [INFO] Fan sensor value: 66.222809
[2025-04-06 19:25:29] [INFO] Light sensor value: 10.502258
[2025-04-06 19:25:31] [INFO] Fan sensor value: 66.222809
[2025-04-06 19:25:32] [INFO] Light sensor value: 10.502258
[2025-04-06 19:25:35] [INFO] Light sensor value: 10.502258
[2025-04-06 19:25:36] [INFO] AC sensor value: 803.255371
[2025-04-06 19:25:36] [INFO] Fan sensor value: 66.222809
[2025-04-06 19:25:38] [INFO] Light sensor value: 10.502258
[2025-04-06 19:25:41] [INFO] Fan sensor value: 66.222809
[2025-04-06 19:25:41] [INFO] Light sensor value: 10.502258
[2025-04-06 19:25:44] [INFO] Light sensor value: 10.502258
[2025-04-06 19:25:46] [INFO] AC sensor value: 803.255371
[2025-04-06 19:25:46] [INFO] Fan sensor value: 66.222809
[2025-04-06 19:25:47] [INFO] Light sensor value: 10.502258
[2025-04-06 19:25:47] [ERROR] SIGINT received. Exiting...
[2025-04-06 19:26:42] [ERROR] 


[2025-04-06 19:26:42] [ERROR] Welcome to Smart Home
[2025-04-06 19:26:42] [INFO] Mocking sensor readings...
[2025-04-06 19:26:42] [INFO] Reading light sensor...
[2025-04-06 19:26:42] [INFO] Reading fan sensor...
[2025-04-06 19:26:42] [INFO] Reading AC sensor...
[2025-04-06 19:26:42] [INFO] Light sensor value: 10.502258
[2025-04-06 19:26:42] [INFO] Fan sensor value: 66.222809
[2025-04-06 19:26:42] [INFO] AC sensor value: 803.255371
[2025-04-06 19:26:45] [INFO] Light sensor value: 18.096283
[2025-04-06 19:26:47] [INFO] Fan sensor value: 76.921051
[2025-04-06 19:26:48] [INFO] Light sensor value: 19.265369
[2025-04-06 19:26:51] [INFO] Light sensor value: 5.295705
[2025-04-06 19:26:52] [INFO] Fan sensor value: 63.895866
[2025-04-06 19:26:52] [INFO] AC sensor value: 1679.126587
[2025-04-06 19:26:54] [INFO] Light sensor value: 6.524292
[2025-04-06 19:26:57] [INFO] Fan sensor value: 65.921463
[2025-04-06 19:26:57] [INFO] Light sensor value: 7.635441
[2025-04-06 19:27:00] [INFO] Light sensor value: 16.208071
[2025-04-06 19:27:02] [INFO] AC sensor value: 1159.451660
[2025-04-06 19:27:02] [INFO] Fan sensor value: 52.914146
[2025-04-06 19:27:03] [INFO] Light sensor value: 17.367586
[2025-04-06 19:27:06] [INFO] Light sensor value: 18.499935
[2025-04-06 19:27:07] [INFO] Fan sensor value: 69.802132
[2025-04-06 19:27:09] [INFO] Light sensor value: 12.078417
[2025-04-06 19:27:12] [INFO] AC sensor value: 1734.859253
[2025-04-06 19:27:12] [INFO] Fan sensor value: 71.764526
[2025-04-06 19:27:12] [INFO] Light sensor value: 13.234358
[2025-04-06 19:27:15] [INFO] Light sensor value: 14.406351
[2025-04-06 19:27:17] [INFO] Fan sensor value: 73.788155
[2025-04-06 19:27:18] [INFO] Light sensor value: 8.062172
[2025-04-06 19:27:21] [INFO] Light sensor value: 16.636230
[2025-04-06 19:27:22] [INFO] AC sensor value: 1221.226318
[2025-04-06 19:27:22] [INFO] Fan sensor value: 60.812809
[2025-04-06 19:27:24] [INFO] Light sensor value: 10.266548
[2025-04-06 19:27:27] [INFO] Fan sensor value: 62.625515
[2025-04-06 19:27:27] [INFO] Light sensor value: 18.857025
[2025-04-06 19:27:30] [INFO] Light sensor value: 10.378633
[2025-04-06 19:27:32] [INFO] AC sensor value: 1030.813843
[2025-04-06 19:27:32] [INFO] Fan sensor value: 77.079544
[2025-04-06 19:27:33] [INFO] Light sensor value: 19.042313
[2025-04-06 19:27:36] [INFO] Light sensor value: 5.129624
[2025-04-06 19:27:37] [INFO] Fan sensor value: 63.988476
[2025-04-06 19:27:39] [INFO] Light sensor value: 13.742408
[2025-04-06 19:27:42] [INFO] AC sensor value: 1056.935791
[2025-04-06 19:27:42] [INFO] Fan sensor value: 50.950024
[2025-04-06 19:27:42] [INFO] Light sensor value: 7.387276
[2025-04-06 19:27:45] [INFO] Light sensor value: 16.026869
[2025-04-06 19:27:47] [INFO] Fan sensor value: 67.909172
[2025-04-06 19:27:48] [INFO] Light sensor value: 9.586195
[2025-04-06 19:27:51] [INFO] Light sensor value: 10.769895
[2025-04-06 19:27:52] [INFO] AC sensor value: 0.000000
[2025-04-06 19:27:52] [INFO] Fan sensor value: 54.814907
[2025-04-06 19:27:54] [INFO] Light sensor value: 19.358692
[2025-04-06 19:27:57] [INFO] Fan sensor value: 59.429497
[2025-04-06 19:27:57] [INFO] Light sensor value: 13.038455
[2025-04-06 19:28:00] [INFO] Light sensor value: 6.666591
[2025-04-06 19:28:02] [INFO] AC sensor value: 779.026733
[2025-04-06 19:28:02] [INFO] Fan sensor value: 61.307945
[2025-04-06 19:28:03] [INFO] Light sensor value: 17.445229
[2025-04-06 19:28:06] [INFO] Light sensor value: 18.456078
[2025-04-06 19:28:07] [INFO] Fan sensor value: 63.364079
[2025-04-06 19:28:09] [INFO] Light sensor value: 12.137739
[2025-04-06 19:28:12] [INFO] AC sensor value: 810.764038
[2025-04-06 19:28:12] [INFO] Fan sensor value: 65.254028
[2025-04-06 19:28:12] [INFO] Light sensor value: 5.789587
[2025-04-06 19:28:15] [INFO] Light sensor value: 14.421058
[2025-04-06 19:28:17] [INFO] Fan sensor value: 52.214642
[2025-04-06 19:28:18] [INFO] Light sensor value: 15.523448
[2025-04-06 19:28:21] [INFO] Light sensor value: 16.617641
[2025-04-06 19:28:22] [INFO] AC sensor value: 842.456970
[2025-04-06 19:28:22] [INFO] Fan sensor value: 54.282902
[2025-04-06 19:28:24] [INFO] Light sensor value: 10.326891
[2025-04-06 19:28:27] [INFO] Fan sensor value: 56.158371
[2025-04-06 19:28:27] [INFO] Light sensor value: 18.901619
[2025-04-06 19:28:30] [INFO] Light sensor value: 5.039135
[2025-04-06 19:28:32] [INFO] AC sensor value: 871.670715
[2025-04-06 19:28:32] [INFO] Fan sensor value: 73.193306
[2025-04-06 19:28:33] [INFO] Light sensor value: 13.707688
[2025-04-06 19:28:36] [INFO] Light sensor value: 5.180990
[2025-04-06 19:28:37] [INFO] Fan sensor value: 72.538155
[2025-04-06 19:28:39] [INFO] Light sensor value: 6.302914
[2025-04-06 19:28:42] [INFO] AC sensor value: 1231.585693
[2025-04-06 19:28:42] [INFO] Fan sensor value: 74.453201
[2025-04-06 19:28:42] [INFO] Light sensor value: 7.433523
[2025-04-06 19:28:45] [INFO] Light sensor value: 8.602110
[2025-04-06 19:28:47] [INFO] Fan sensor value: 76.604286
[2025-04-06 19:28:48] [INFO] Light sensor value: 9.704777
[2025-04-06 19:28:51] [INFO] Light sensor value: 18.278862
[2025-04-06 19:28:52] [INFO] AC sensor value: 1266.505005
[2025-04-06 19:28:52] [INFO] Fan sensor value: 78.498787
[2025-04-06 19:28:54] [INFO] Light sensor value: 11.930065
[2025-04-06 19:28:57] [INFO] Fan sensor value: 65.323502
[2025-04-06 19:28:57] [INFO] Light sensor value: 13.035313
[2025-04-06 19:29:00] [INFO] Light sensor value: 14.251447
[2025-04-06 19:29:02] [INFO] AC sensor value: 743.657349
[2025-04-06 19:29:02] [INFO] Fan sensor value: 52.421268
[2025-04-06 19:29:03] [INFO] Light sensor value: 7.869199
[2025-04-06 19:29:06] [INFO] Light sensor value: 16.420774
[2025-04-06 19:29:07] [INFO] Fan sensor value: 69.353378
[2025-04-06 19:29:09] [INFO] Light sensor value: 10.091982
[2025-04-06 19:29:12] [INFO] AC sensor value: 1536.340332
[2025-04-06 19:29:12] [INFO] Fan sensor value: 56.162457
[2025-04-06 19:29:12] [INFO] Light sensor value: 18.662508
[2025-04-06 19:29:15] [INFO] Light sensor value: 12.296530
[2025-04-06 19:29:16] [ERROR] SIGINT received. Exiting...
[2025-04-06 19:39:02] [ERROR] 


[2025-04-06 19:39:02] [ERROR] Welcome to Smart Home
[2025-04-06 19:39:02] [INFO] Mocking sensor readings...
[2025-04-06 19:39:02] [INFO] Reading fan sensor...
[2025-04-06 19:39:02] [INFO] Reading light sensor...
[2025-04-06 19:39:02] [INFO] Reading AC sensor...
[2025-04-06 19:39:02] [INFO] Fan sensor value: 63.364586
[2025-04-06 19:39:02] [INFO] Light sensor value: 12.296530
[2025-04-06 19:39:02] [INFO] AC sensor value: 1766.614014
[2025-04-06 19:39:05] [INFO] Light sensor value: 6.105272
[2025-04-06 19:39:07] [INFO] Fan sensor value: 67.233231
[2025-04-06 19:39:08] [INFO] Light sensor value: 7.246861
[2025-04-06 19:39:11] [INFO] Light sensor value: 15.840053
[2025-04-06 19:39:12] [INFO] AC sensor value: 1082.179565
[2025-04-06 19:39:12] [INFO] Fan sensor value: 54.172920
[2025-04-06 19:39:14] [INFO] Light sensor value: 17.019905
[2025-04-06 19:39:17] [INFO] Fan sensor value: 71.264389
[2025-04-06 19:39:17] [INFO] Light sensor value: 10.667894
[2025-04-06 19:39:20] [INFO] Light sensor value: 11.713225
[2025-04-06 19:39:22] [INFO] AC sensor value: 1111.916504
[2025-04-06 19:39:22] [INFO] Fan sensor value: 58.069447
[2025-04-06 19:39:23] [INFO] Light sensor value: 12.929043
[2025-04-06 19:39:26] [INFO] Light sensor value: 14.086099
[2025-04-06 19:39:27] [INFO] Fan sensor value: 75.177956
[2025-04-06 19:39:29] [INFO] Light sensor value: 15.149640
[2025-04-06 19:39:32] [INFO] AC sensor value: 1473.509277
[2025-04-06 19:39:32] [INFO] Light sensor value: 14.095735
[2025-04-06 19:39:32] [INFO] Fan sensor value: 74.412315
[2025-04-06 19:39:35] [INFO] Light sensor value: 15.273411
[2025-04-06 19:39:37] [INFO] Fan sensor value: 61.425121
[2025-04-06 19:39:38] [INFO] Light sensor value: 16.425268
[2025-04-06 19:39:41] [INFO] Light sensor value: 10.069961
[2025-04-06 19:39:42] [INFO] AC sensor value: 1504.724854
[2025-04-06 19:39:42] [INFO] Fan sensor value: 78.403061
[2025-04-06 19:39:44] [INFO] Light sensor value: 18.679766
[2025-04-06 19:39:47] [INFO] Light sensor value: 19.734787
[2025-04-06 19:39:47] [INFO] Fan sensor value: 50.302998
[2025-04-06 19:39:50] [INFO] Light sensor value: 13.405958
[2025-04-06 19:39:52] [INFO] AC sensor value: 1534.181274
[2025-04-06 19:39:52] [INFO] Fan sensor value: 67.311180
[2025-04-06 19:39:53] [INFO] Light sensor value: 7.013894
[2025-04-06 19:39:56] [INFO] Light sensor value: 8.101351
[2025-04-06 19:39:57] [INFO] Fan sensor value: 69.307053
[2025-04-06 19:39:59] [INFO] Light sensor value: 9.350668
[2025-04-06 19:40:01] [ERROR] SIGINT (2) received
[2025-04-06 19:40:01] [ERROR] Exiting...
[2025-04-06 19:40:34] [ERROR] 


[2025-04-06 19:40:34] [ERROR] Welcome to Smart Home
[2025-04-06 19:40:34] [INFO] Mocking sensor readings...
[2025-04-06 19:40:34] [INFO] Reading light sensor...
[2025-04-06 19:40:34] [INFO] Reading AC sensor...
[2025-04-06 19:40:34] [INFO] Reading fan sensor...
[2025-04-06 19:40:34] [INFO] Fan sensor value: 61.512177
[2025-04-06 19:40:34] [INFO] Light sensor value: 7.180116
[2025-04-06 19:40:34] [INFO] AC sensor value: 1449.467773
[2025-04-06 19:40:37] [INFO] Light sensor value: 13.140955
[2025-04-06 19:40:39] [INFO] Fan sensor value: 52.285210
[2025-04-06 19:40:40] [INFO] Light sensor value: 14.308564
[2025-04-06 19:40:43] [INFO] Light sensor value: 15.451697
[2025-04-06 19:40:44] [INFO] AC sensor value: 1462.560059
[2025-04-06 19:40:44] [INFO] Fan sensor value: 69.298843
[2025-04-06 19:40:46] [INFO] Light sensor value: 9.019995
[2025-04-06 19:40:49] [INFO] Fan sensor value: 71.317879
[2025-04-06 19:40:49] [INFO] Light sensor value: 17.718412
[2025-04-06 19:40:52] [INFO] Light sensor value: 18.819695
[2025-04-06 19:40:54] [INFO] AC sensor value: 1491.331055
[2025-04-06 19:40:54] [INFO] Fan sensor value: 73.257156
[2025-04-06 19:40:55] [INFO] Light sensor value: 12.428083
[2025-04-06 19:40:58] [INFO] Light sensor value: 5.999413
[2025-04-06 19:40:59] [INFO] Fan sensor value: 75.188477
[2025-04-06 19:41:01] [INFO] Light sensor value: 14.626287
[2025-04-06 19:41:04] [INFO] AC sensor value: 1523.709473
[2025-04-06 19:41:04] [INFO] Light sensor value: 8.365373
[2025-04-06 19:41:04] [INFO] Fan sensor value: 62.250786
[2025-04-06 19:41:07] [INFO] Light sensor value: 16.913330
[2025-04-06 19:41:09] [INFO] Fan sensor value: 79.066299
[2025-04-06 19:41:10] [INFO] Light sensor value: 10.543575
[2025-04-06 19:41:13] [INFO] Light sensor value: 19.146343
[2025-04-06 19:41:14] [INFO] AC sensor value: 998.572144
[2025-04-06 19:41:14] [INFO] Fan sensor value: 51.043129
[2025-04-06 19:41:16] [INFO] Light sensor value: 5.352485
[2025-04-06 19:41:18] [ERROR] SIGINT (2) received
[2025-04-06 19:41:18] [ERROR] Exiting...
[2025-04-06 19:41:19] [ERROR] 


[2025-04-06 19:41:19] [ERROR] Welcome to Smart Home
[2025-04-06 19:41:19] [INFO] Mocking sensor readings...
[2025-04-06 19:41:19] [INFO] Reading light sensor...
[2025-04-06 19:41:19] [INFO] Reading AC sensor...
[2025-04-06 19:41:19] [INFO] Reading fan sensor...
[2025-04-06 19:41:19] [INFO] AC sensor value: 1236.541382
[2025-04-06 19:41:19] [INFO] Light sensor value: 8.633490
[2025-04-06 19:41:19] [INFO] Fan sensor value: 55.780769
[2025-04-06 19:41:22] [INFO] Light sensor value: 19.345001
[2025-04-06 19:41:24] [INFO] Fan sensor value: 50.435448
[2025-04-06 19:41:25] [INFO] Light sensor value: 8.758618
[2025-04-06 19:41:28] [INFO] Light sensor value: 8.758618
[2025-04-06 19:41:29] [INFO] AC sensor value: 1364.035156
[2025-04-06 19:41:29] [INFO] Fan sensor value: 52.459080
[2025-04-06 19:41:31] [INFO] Light sensor value: 13.142330
[2025-04-06 19:41:34] [INFO] Fan sensor value: 69.448418
[2025-04-06 19:41:34] [INFO] Light sensor value: 17.469381
[2025-04-06 19:41:37] [INFO] Light sensor value: 17.469381
[2025-04-06 19:41:39] [INFO] AC sensor value: 1391.214111
[2025-04-06 19:41:39] [INFO] Fan sensor value: 56.299171
[2025-04-06 19:41:40] [INFO] Light sensor value: 6.842866
[2025-04-06 19:41:43] [INFO] Light sensor value: 6.842866
[2025-04-06 19:41:44] [INFO] Fan sensor value: 73.246872
[2025-04-06 19:41:46] [INFO] Light sensor value: 18.700848
[2025-04-06 19:41:49] [INFO] AC sensor value: 868.923645
[2025-04-06 19:41:49] [INFO] Fan sensor value: 60.182739
[2025-04-06 19:41:49] [INFO] Light sensor value: 8.142838
[2025-04-06 19:41:52] [INFO] Light sensor value: 8.142838
[2025-04-06 19:41:52] [ERROR] SIGINT (2) received
[2025-04-06 19:41:52] [ERROR] Exiting...
[2025-04-06 20:01:58] [ERROR] 


[2025-04-06 20:01:58] [ERROR] Welcome to Smart Home
[2025-04-06 20:01:58] [INFO] Reading light sensor...
[2025-04-06 20:01:58] [INFO] Mocking sensor readings...
[2025-04-06 20:01:58] [INFO] Reading fan sensor...
[2025-04-06 20:01:58] [INFO] Reading AC sensor...
[2025-04-06 20:01:58] [INFO] Fan sensor value: 77.305809
[2025-04-06 20:01:58] [INFO] Light sensor value: 8.142838
[2025-04-06 20:01:58] [INFO] AC sensor value: 1438.704834
[2025-04-06 20:02:01] [INFO] Light sensor value: 12.341419
[2025-04-06 20:02:03] [INFO] Fan sensor value: 74.502914
[2025-04-06 20:02:04] [INFO] Light sensor value: 16.673737
[2025-04-06 20:02:07] [INFO] Light sensor value: 16.673737
[2025-04-06 20:02:08] [INFO] AC sensor value: 1338.762939
[2025-04-06 20:02:08] [INFO] Fan sensor value: 76.387520
[2025-04-06 20:02:10] [INFO] Light sensor value: 13.600330
[2025-04-06 20:02:13] [INFO] Fan sensor value: 78.388588
[2025-04-06 20:02:13] [INFO] Light sensor value: 13.600330
[2025-04-06 20:02:16] [INFO] Light sensor value: 17.992895
[2025-04-06 20:02:18] [INFO] AC sensor value: 1373.095459
[2025-04-06 20:02:18] [INFO] Fan sensor value: 50.437168
[2025-04-06 20:02:19] [INFO] Light sensor value: 7.282203
[2025-04-06 20:02:19] [ERROR] SIGINT (2) received
[2025-04-06 20:02:19] [ERROR] Exiting...


[2025-04-06 20:08:11] [ERROR] 


[2025-04-06 20:08:11] [ERROR] Welcome to Smart Home
[2025-04-06 20:08:11] [INFO] Mocking sensor readings...
[2025-04-06 20:08:11] [INFO] Reading light sensor...
[2025-04-06 20:08:11] [INFO] Reading fan sensor...
[2025-04-06 20:08:11] [INFO] Reading AC sensor...
[2025-04-06 20:08:11] [INFO] Fan sensor value: 52.229439
[2025-04-06 20:08:11] [INFO] Light sensor value: 7.282203
[2025-04-06 20:08:11] [INFO] AC sensor value: 1380.088867
[2025-04-06 20:08:14] [INFO] Light sensor value: 7.474209
[2025-04-06 20:08:16] [INFO] Fan sensor value: 76.828499
[2025-04-06 20:08:17] [INFO] Light sensor value: 11.888659
[2025-04-06 20:08:20] [INFO] Light sensor value: 11.888659
[2025-04-06 20:08:21] [INFO] AC sensor value: 1221.721191
[2025-04-06 20:08:21] [INFO] Fan sensor value: 78.816711
[2025-04-06 20:08:23] [INFO] Light sensor value: 8.728895
[2025-04-06 20:08:26] [INFO] Fan sensor value: 65.699600
[2025-04-06 20:08:26] [INFO] Light sensor value: 8.728895
[2025-04-06 20:08:26] [ERROR] SIGINT (2) received
[2025-04-06 20:08:26] [ERROR] Exiting...


[2025-04-06 20:32:19] [ERROR] 


[2025-04-06 20:32:19] [ERROR] Welcome to Smart Home
[2025-04-06 20:32:19] [INFO] Mocking sensor readings...
[2025-04-06 20:32:19] [INFO] Reading fan sensor...
[2025-04-06 20:32:19] [INFO] Reading light sensor...
[2025-04-06 20:32:19] [INFO] Reading AC sensor...
[2025-04-06 20:32:19] [INFO] Fan sensor value: 67.722672
[2025-04-06 20:32:19] [INFO] Light sensor value: 5.596025
[2025-04-06 20:32:19] [INFO] AC sensor value: 1248.560181
[2025-04-06 20:32:22] [INFO] Light sensor value: 6.470950
[2025-04-06 20:32:24] [INFO] Fan sensor value: 50.794353
[2025-04-06 20:32:25] [INFO] Light sensor value: 10.824632
[2025-04-06 20:32:25] [ERROR] SIGINT (2) received
[2025-04-06 20:32:25] [ERROR] Exiting...


[2025-04-06 20:34:48] [ERROR] 


[2025-04-06 20:34:48] [ERROR] Welcome to Smart Home
[2025-04-06 20:34:48] [INFO] Mocking sensor readings...
[2025-04-06 20:34:48] [INFO] Reading fan sensor...
[2025-04-06 20:34:48] [INFO] Reading light sensor...
[2025-04-06 20:34:48] [INFO] Reading AC sensor...
[2025-04-06 20:34:48] [INFO] Fan sensor value: 67.690109
[2025-04-06 20:34:48] [INFO] AC sensor value: 1474.274902
[2025-04-06 20:34:48] [INFO] Light sensor value: 10.824632
[2025-04-06 20:34:50] [ERROR] SIGINT (2) received
[2025-04-06 20:34:50] [ERROR] Exiting...


[2025-04-06 20:34:54] [ERROR] 


[2025-04-06 20:34:54] [ERROR] Welcome to Smart Home
[2025-04-06 20:34:54] [INFO] Reading light sensor...
[2025-04-06 20:34:54] [INFO] Mocking sensor readings...
[2025-04-06 20:34:54] [INFO] Reading fan sensor...
[2025-04-06 20:34:54] [INFO] Reading AC sensor...
[2025-04-06 20:34:54] [INFO] Light sensor value: 12.433568
[2025-04-06 20:34:54] [INFO] AC sensor value: 1014.359192
[2025-04-06 20:34:54] [INFO] Fan sensor value: 67.224701
[2025-04-06 20:34:57] [INFO] Light sensor value: 14.742433
[2025-04-06 20:34:59] [INFO] Fan sensor value: 51.709087
[2025-04-06 20:35:00] [INFO] Light sensor value: 19.071732
[2025-04-06 20:35:03] [INFO] Light sensor value: 19.071732
[2025-04-06 20:35:04] [INFO] AC sensor value: 1375.824951
[2025-04-06 20:35:04] [INFO] Fan sensor value: 53.526546
[2025-04-06 20:35:06] [INFO] Light sensor value: 15.951728
[2025-04-06 20:35:09] [INFO] Fan sensor value: 55.504128
[2025-04-06 20:35:09] [INFO] Light sensor value: 15.951728
[2025-04-06 20:35:12] [INFO] Light sensor value: 5.367014
[2025-04-06 20:35:14] [INFO] AC sensor value: 858.940308
[2025-04-06 20:35:14] [INFO] Fan sensor value: 72.540184
[2025-04-06 20:35:15] [INFO] Light sensor value: 9.668224
[2025-04-06 20:35:18] [INFO] Light sensor value: 9.668224
[2025-04-06 20:35:19] [INFO] Fan sensor value: 74.323608
[2025-04-06 20:35:21] [INFO] Light sensor value: 6.591878
[2025-04-06 20:35:24] [INFO] AC sensor value: 1436.304199
[2025-04-06 20:35:24] [INFO] Fan sensor value: 76.426697
[2025-04-06 20:35:24] [INFO] Light sensor value: 6.591878
[2025-04-06 20:35:27] [INFO] Light sensor value: 18.491333
[2025-04-06 20:35:29] [INFO] Fan sensor value: 78.459541
[2025-04-06 20:35:30] [INFO] Light sensor value: 15.384542
[2025-04-06 20:35:33] [INFO] Light sensor value: 15.384542
[2025-04-06 20:35:34] [INFO] AC sensor value: 917.780273
[2025-04-06 20:35:34] [INFO] Fan sensor value: 65.398499
[2025-04-06 20:35:36] [INFO] Light sensor value: 12.180136
[2025-04-06 20:35:39] [INFO] Fan sensor value: 52.200191
[2025-04-06 20:35:39] [INFO] Light sensor value: 12.180136
[2025-04-06 20:35:42] [INFO] Light sensor value: 16.605730
[2025-04-06 20:35:44] [INFO] AC sensor value: 942.411194
[2025-04-06 20:35:44] [INFO] Fan sensor value: 69.273178
[2025-04-06 20:35:45] [INFO] Light sensor value: 5.954791
[2025-04-06 20:35:48] [INFO] Light sensor value: 5.954791
[2025-04-06 20:35:49] [INFO] Fan sensor value: 71.134399
[2025-04-06 20:35:51] [INFO] Light sensor value: 10.364132
[2025-04-06 20:35:54] [INFO] AC sensor value: 971.937744
[2025-04-06 20:35:54] [INFO] Fan sensor value: 58.133286
[2025-04-06 20:35:54] [INFO] Light sensor value: 0.000000
[2025-04-06 20:35:57] [INFO] Light sensor value: 14.813272
[2025-04-06 20:35:59] [INFO] Fan sensor value: 75.284698
[2025-04-06 20:36:00] [INFO] Light sensor value: 19.110363
[2025-04-06 20:36:03] [INFO] Light sensor value: 19.110363
[2025-04-06 20:36:04] [INFO] AC sensor value: 1001.278564
[2025-04-06 20:36:04] [INFO] Fan sensor value: 77.086029
[2025-04-06 20:36:06] [INFO] Light sensor value: 15.966947
[2025-04-06 20:36:09] [INFO] Fan sensor value: 63.970760
[2025-04-06 20:36:09] [INFO] Light sensor value: 12.897209
[2025-04-06 20:36:12] [INFO] Light sensor value: 12.897209
[2025-04-06 20:36:14] [INFO] AC sensor value: 1583.656738
[2025-04-06 20:36:14] [INFO] Fan sensor value: 66.060127
[2025-04-06 20:36:15] [INFO] Light sensor value: 17.202547
[2025-04-06 20:36:18] [INFO] Light sensor value: 17.202547
[2025-04-06 20:36:19] [INFO] Fan sensor value: 67.871239
[2025-04-06 20:36:21] [INFO] Light sensor value: 14.089674
[2025-04-06 20:36:24] [INFO] AC sensor value: 1606.077881
[2025-04-06 20:36:24] [INFO] Fan sensor value: 54.866756
[2025-04-06 20:36:24] [INFO] Light sensor value: 11.040189
[2025-04-06 20:36:27] [INFO] Light sensor value: 11.040189
[2025-04-06 20:36:29] [INFO] Fan sensor value: 71.996689
[2025-04-06 20:36:30] [INFO] Light sensor value: 7.883018
[2025-04-06 20:36:33] [INFO] Light sensor value: 7.883018
[2025-04-06 20:36:34] [INFO] AC sensor value: 1089.271484
[2025-04-06 20:36:34] [INFO] Fan sensor value: 58.869560
[2025-04-06 20:36:36] [INFO] Light sensor value: 12.256567
[2025-04-06 20:36:39] [INFO] Fan sensor value: 60.812077
[2025-04-06 20:36:39] [INFO] Light sensor value: 16.656788
[2025-04-06 20:36:42] [INFO] Light sensor value: 16.656788
[2025-04-06 20:36:44] [INFO] AC sensor value: 1119.085327
[2025-04-06 20:36:44] [INFO] Fan sensor value: 77.815552
[2025-04-06 20:36:45] [INFO] Light sensor value: 6.000381
[2025-04-06 20:36:48] [INFO] Light sensor value: 6.000381
[2025-04-06 20:36:49] [INFO] Fan sensor value: 64.649689
[2025-04-06 20:36:51] [INFO] Light sensor value: 17.903162
[2025-04-06 20:36:54] [INFO] AC sensor value: 1146.869873
[2025-04-06 20:36:54] [INFO] Fan sensor value: 51.699593
[2025-04-06 20:36:54] [INFO] Light sensor value: 14.763391
[2025-04-06 20:36:57] [INFO] Light sensor value: 14.763391
[2025-04-06 20:36:59] [INFO] Fan sensor value: 53.609467
[2025-04-06 20:37:00] [INFO] Light sensor value: 11.650764
[2025-04-06 20:37:03] [INFO] Light sensor value: 11.650764
[2025-04-06 20:37:04] [INFO] AC sensor value: 1727.006592
[2025-04-06 20:37:04] [INFO] Fan sensor value: 70.609955
[2025-04-06 20:37:06] [INFO] Light sensor value: 8.503267
[2025-04-06 20:37:09] [INFO] Fan sensor value: 72.557724
[2025-04-06 20:37:09] [INFO] Light sensor value: 5.367919
[2025-04-06 20:37:12] [INFO] Light sensor value: 5.367919
[2025-04-06 20:37:14] [INFO] AC sensor value: 1200.108032
[2025-04-06 20:37:14] [INFO] Fan sensor value: 59.439358
[2025-04-06 20:37:15] [INFO] Light sensor value: 9.752291
[2025-04-06 20:37:18] [INFO] Light sensor value: 9.752291
[2025-04-06 20:37:19] [INFO] Fan sensor value: 76.471420
[2025-04-06 20:37:21] [INFO] Light sensor value: 14.159658
[2025-04-06 20:37:24] [INFO] AC sensor value: 1232.447754
[2025-04-06 20:37:24] [INFO] Fan sensor value: 78.445969
[2025-04-06 20:37:25] [INFO] Light sensor value: 18.569313
[2025-04-06 20:37:28] [INFO] Light sensor value: 18.569313
[2025-04-06 20:37:29] [INFO] Fan sensor value: 65.456551
[2025-04-06 20:37:31] [INFO] Light sensor value: 5.811843
[2025-04-06 20:37:34] [INFO] Light sensor value: 5.811843
[2025-04-06 20:37:34] [INFO] Fan sensor value: 79.779533
[2025-04-06 20:37:34] [INFO] AC sensor value: 1046.900391
[2025-04-06 20:37:37] [INFO] Light sensor value: 10.173229
[2025-04-06 20:37:39] [INFO] Fan sensor value: 51.740776
[2025-04-06 20:37:40] [INFO] Light sensor value: 7.077036
[2025-04-06 20:37:43] [INFO] Light sensor value: 7.077036
[2025-04-06 20:37:44] [INFO] Fan sensor value: 53.703011
[2025-04-06 20:37:44] [INFO] AC sensor value: 1076.755249
[2025-04-06 20:37:46] [INFO] Light sensor value: 18.941177
[2025-04-06 20:37:49] [INFO] Light sensor value: 18.941177
[2025-04-06 20:37:49] [INFO] Fan sensor value: 70.686508
[2025-04-06 20:37:52] [INFO] Light sensor value: 8.329512
[2025-04-06 20:37:54] [INFO] AC sensor value: 1656.131592
[2025-04-06 20:37:54] [INFO] Fan sensor value: 72.678894
[2025-04-06 20:37:55] [INFO] Light sensor value: 12.694292
[2025-04-06 20:37:58] [INFO] Light sensor value: 12.694292
[2025-04-06 20:37:59] [INFO] Fan sensor value: 59.627037
[2025-04-06 20:38:01] [INFO] Light sensor value: 17.026611
[2025-04-06 20:38:04] [INFO] Light sensor value: 17.026611
[2025-04-06 20:38:04] [INFO] Fan sensor value: 61.463036
[2025-04-06 20:38:04] [INFO] AC sensor value: 1130.485596
[2025-04-06 20:38:07] [INFO] Light sensor value: 13.988760
[2025-04-06 20:38:09] [INFO] Fan sensor value: 63.567406
[2025-04-06 20:38:10] [INFO] Light sensor value: 18.346954
[2025-04-06 20:38:13] [INFO] Light sensor value: 18.346954
[2025-04-06 20:38:14] [INFO] Fan sensor value: 50.471874
[2025-04-06 20:38:14] [INFO] AC sensor value: 1160.961182
[2025-04-06 20:38:16] [INFO] Light sensor value: 7.673896
[2025-04-06 20:38:19] [INFO] Light sensor value: 7.673896
[2025-04-06 20:38:19] [INFO] Fan sensor value: 52.332142
[2025-04-06 20:38:22] [INFO] Light sensor value: 12.136108
[2025-04-06 20:38:24] [INFO] Fan sensor value: 69.478409
[2025-04-06 20:38:24] [INFO] AC sensor value: 1746.618896
[2025-04-06 20:38:25] [INFO] Light sensor value: 16.425781
[2025-04-06 20:38:28] [INFO] Light sensor value: 16.425781
[2025-04-06 20:38:29] [INFO] Fan sensor value: 71.239929
[2025-04-06 20:38:31] [INFO] Light sensor value: 13.275067
[2025-04-06 20:38:34] [INFO] Light sensor value: 13.275067
[2025-04-06 20:38:34] [INFO] Fan sensor value: 73.161903
[2025-04-06 20:38:34] [INFO] AC sensor value: 1215.679199
[2025-04-06 20:38:37] [INFO] Light sensor value: 10.197184
[2025-04-06 20:38:39] [INFO] Fan sensor value: 75.226791
[2025-04-06 20:38:40] [INFO] Light sensor value: 7.100796
[2025-04-06 20:38:43] [INFO] Light sensor value: 7.100796
[2025-04-06 20:38:44] [INFO] Fan sensor value: 62.190102
[2025-04-06 20:38:44] [INFO] AC sensor value: 1247.579834
[2025-04-06 20:38:46] [INFO] Light sensor value: 11.488932
[2025-04-06 20:38:49] [INFO] Light sensor value: 11.488932
[2025-04-06 20:38:49] [INFO] Fan sensor value: 64.238533
[2025-04-06 20:38:52] [INFO] Light sensor value: 15.855876
[2025-04-06 20:38:54] [INFO] AC sensor value: 1279.943848
[2025-04-06 20:38:54] [INFO] Fan sensor value: 66.189575
[2025-04-06 20:38:55] [INFO] Light sensor value: 5.246419
[2025-04-06 20:38:58] [INFO] Light sensor value: 5.246419
[2025-04-06 20:38:59] [INFO] Fan sensor value: 68.145462
[2025-04-06 20:39:01] [INFO] Light sensor value: 9.600029
[2025-04-06 20:39:04] [INFO] Light sensor value: 9.600029
[2025-04-06 20:39:04] [INFO] AC sensor value: 1307.254517
[2025-04-06 20:39:04] [INFO] Fan sensor value: 55.087021
[2025-04-06 20:39:07] [INFO] Light sensor value: 6.466635
[2025-04-06 20:39:10] [INFO] Fan sensor value: 56.957764
[2025-04-06 20:39:10] [INFO] Light sensor value: 18.414188
[2025-04-06 20:39:13] [INFO] Light sensor value: 18.414188
[2025-04-06 20:39:15] [INFO] Fan sensor value: 74.073280
[2025-04-06 20:39:15] [INFO] AC sensor value: 788.811096
[2025-04-06 20:39:16] [INFO] Light sensor value: 7.761301
[2025-04-06 20:39:19] [INFO] Light sensor value: 7.761301
[2025-04-06 20:39:20] [INFO] Fan sensor value: 76.016090
[2025-04-06 20:39:22] [INFO] Light sensor value: 12.127274
[2025-04-06 20:39:25] [INFO] AC sensor value: 1366.836182
[2025-04-06 20:39:25] [INFO] Fan sensor value: 62.920471
[2025-04-06 20:39:25] [INFO] Light sensor value: 16.475296
[2025-04-06 20:39:28] [INFO] Light sensor value: 16.475296
[2025-04-06 20:39:30] [INFO] Fan sensor value: 64.811852
[2025-04-06 20:39:31] [INFO] Light sensor value: 5.901855
[2025-04-06 20:39:34] [INFO] Light sensor value: 5.901855
[2025-04-06 20:39:35] [INFO] AC sensor value: 845.646240
[2025-04-06 20:39:35] [INFO] Fan sensor value: 51.890736
[2025-04-06 20:39:37] [INFO] Light sensor value: 17.816002
[2025-04-06 20:39:40] [INFO] Fan sensor value: 68.892479
[2025-04-06 20:39:40] [INFO] Light sensor value: 7.065529
[2025-04-06 20:39:43] [INFO] Light sensor value: 7.065529
[2025-04-06 20:39:45] [INFO] AC sensor value: 1419.763184
[2025-04-06 20:39:45] [INFO] Fan sensor value: 55.665024
[2025-04-06 20:39:46] [INFO] Light sensor value: 18.996904
[2025-04-06 20:39:49] [INFO] Light sensor value: 18.996904
[2025-04-06 20:39:50] [INFO] Fan sensor value: 72.686890
[2025-04-06 20:39:52] [INFO] Light sensor value: 8.405462
[2025-04-06 20:39:55] [INFO] AC sensor value: 906.477966
[2025-04-06 20:39:55] [INFO] Fan sensor value: 59.717873
[2025-04-06 20:39:55] [INFO] Light sensor value: 12.826939
[2025-04-06 20:39:58] [INFO] Light sensor value: 12.826939
[2025-04-06 20:40:00] [INFO] Fan sensor value: 76.709183
[2025-04-06 20:40:01] [INFO] Light sensor value: 17.166237
[2025-04-06 20:40:04] [INFO] Light sensor value: 17.166237
[2025-04-06 20:40:05] [INFO] AC sensor value: 1484.659302
[2025-04-06 20:40:05] [INFO] Fan sensor value: 78.650009
[2025-04-06 20:40:07] [INFO] Light sensor value: 6.529294
[2025-04-06 20:40:10] [INFO] Fan sensor value: 65.611198
[2025-04-06 20:40:10] [INFO] Light sensor value: 10.902103
[2025-04-06 20:40:13] [INFO] Light sensor value: 10.902103
[2025-04-06 20:40:15] [INFO] AC sensor value: 1510.723145
[2025-04-06 20:40:15] [INFO] Fan sensor value: 67.471634
[2025-04-06 20:40:16] [INFO] Light sensor value: 15.368645
[2025-04-06 20:40:19] [INFO] Light sensor value: 15.368645
[2025-04-06 20:40:20] [INFO] Fan sensor value: 54.635098
[2025-04-06 20:40:22] [INFO] Light sensor value: 19.744089
[2025-04-06 20:40:25] [INFO] AC sensor value: 1547.556885
[2025-04-06 20:40:25] [INFO] Fan sensor value: 71.603333
[2025-04-06 20:40:25] [INFO] Light sensor value: 8.980453
[2025-04-06 20:40:28] [INFO] Light sensor value: 8.980453
[2025-04-06 20:40:30] [INFO] Fan sensor value: 58.280102
[2025-04-06 20:40:31] [INFO] Light sensor value: 13.390179
[2025-04-06 20:40:34] [INFO] Light sensor value: 13.390179
[2025-04-06 20:40:35] [INFO] AC sensor value: 1567.634033
[2025-04-06 20:40:35] [INFO] Fan sensor value: 75.306480
[2025-04-06 20:40:37] [INFO] Light sensor value: 10.296716
[2025-04-06 20:40:40] [INFO] Fan sensor value: 77.324226
[2025-04-06 20:40:40] [INFO] Light sensor value: 7.202781
[2025-04-06 20:40:43] [INFO] Light sensor value: 7.202781
[2025-04-06 20:40:45] [INFO] AC sensor value: 1601.012451
[2025-04-06 20:40:45] [INFO] Fan sensor value: 64.368668
[2025-04-06 20:40:46] [INFO] Light sensor value: 11.513762
[2025-04-06 20:40:49] [INFO] Light sensor value: 11.513762
[2025-04-06 20:40:50] [INFO] Fan sensor value: 66.210060
[2025-04-06 20:40:52] [INFO] Light sensor value: 8.482649
[2025-04-06 20:40:55] [INFO] AC sensor value: 1633.271973
[2025-04-06 20:40:55] [INFO] Fan sensor value: 68.310226
[2025-04-06 20:40:55] [INFO] Light sensor value: 5.331124
[2025-04-06 20:40:58] [INFO] Light sensor value: 5.331124
[2025-04-06 20:41:00] [INFO] Fan sensor value: 70.249268
[2025-04-06 20:41:01] [INFO] Light sensor value: 17.234674
[2025-04-06 20:41:04] [INFO] Light sensor value: 17.234674
[2025-04-06 20:41:05] [INFO] AC sensor value: 1109.462891
[2025-04-06 20:41:05] [INFO] Fan sensor value: 57.217342
[2025-04-06 20:41:07] [INFO] Light sensor value: 14.127857
[2025-04-06 20:41:10] [INFO] Fan sensor value: 74.238297
[2025-04-06 20:41:10] [INFO] Light sensor value: 18.405802
[2025-04-06 20:41:13] [INFO] Light sensor value: 18.405802
[2025-04-06 20:41:15] [INFO] AC sensor value: 1682.960449
[2025-04-06 20:41:15] [INFO] Fan sensor value: 75.952751
[2025-04-06 20:41:16] [INFO] Light sensor value: 15.318961
[2025-04-06 20:41:19] [INFO] Light sensor value: 15.318961
[2025-04-06 20:41:20] [INFO] Fan sensor value: 62.976841
[2025-04-06 20:41:22] [INFO] Light sensor value: 19.664135
[2025-04-06 20:41:25] [INFO] AC sensor value: 1712.020996
[2025-04-06 20:41:25] [INFO] Fan sensor value: 79.911148
[2025-04-06 20:41:25] [INFO] Light sensor value: 9.079000
[2025-04-06 20:41:28] [INFO] Light sensor value: 9.079000
[2025-04-06 20:41:30] [INFO] Fan sensor value: 66.875175
[2025-04-06 20:41:31] [INFO] Light sensor value: 13.442448
[2025-04-08 04:06:41] [ERROR] 


[2025-04-08 04:06:41] [ERROR] Welcome to Smart Home
[2025-04-08 04:06:41] [INFO] Mocking sensor readings...
[2025-04-08 04:06:41] [INFO] Reading light sensor...
[2025-04-08 04:06:41] [INFO] Reading fan sensor...
[2025-04-08 04:06:41] [INFO] Reading AC sensor...
[2025-04-08 04:06:41] [INFO] AC sensor value: 6.100000
[2025-04-08 04:06:41] [INFO] Fan sensor value: 68.919182
[2025-04-08 04:06:41] [INFO] Light sensor value: 13.442448
[2025-04-08 04:06:44] [INFO] Light sensor value: 8.779843
[2025-04-08 04:06:46] [INFO] Fan sensor value: 51.154736
[2025-04-08 04:06:47] [INFO] Light sensor value: 13.148828
[2025-04-08 04:06:50] [INFO] Light sensor value: 13.148828
[2025-04-08 04:06:51] [INFO] AC sensor value: 1000.079102
[2025-04-08 04:06:51] [INFO] Fan sensor value: 68.092972
[2025-04-08 04:06:53] [INFO] Light sensor value: 17.515137
[2025-04-08 04:06:56] [INFO] Fan sensor value: 55.036110
[2025-04-08 04:06:56] [INFO] Light sensor value: 17.515137
[2025-04-08 04:06:59] [INFO] Light sensor value: 14.430865
[2025-04-08 04:07:01] [INFO] AC sensor value: 1579.215332
[2025-04-08 04:07:01] [INFO] Fan sensor value: 72.092239
[2025-04-08 04:07:02] [INFO] Light sensor value: 11.279878
[2025-04-08 04:07:05] [INFO] Light sensor value: 11.279878
[2025-04-08 04:07:06] [INFO] Fan sensor value: 58.985023
[2025-04-08 04:07:08] [INFO] Light sensor value: 15.667179
[2025-04-08 04:07:11] [INFO] AC sensor value: 1058.039429
[2025-04-08 04:07:11] [INFO] Fan sensor value: 60.967110
[2025-04-08 04:07:11] [INFO] Light sensor value: 15.667179
[2025-04-08 04:07:14] [ERROR] SIGINT (2) received
[2025-04-08 04:07:14] [ERROR] Exiting...


[2025-04-08 04:15:16] [ERROR] 


[2025-04-08 04:15:16] [ERROR] Welcome to Smart Home
[2025-04-08 04:15:16] [INFO] Mocking sensor readings...
[2025-04-08 04:15:16] [INFO] Reading fan sensor...
[2025-04-08 04:15:16] [INFO] Reading light sensor...
[2025-04-08 04:15:16] [INFO] Reading AC sensor...
[2025-04-08 04:15:16] [INFO] Light sensor value: 5.068622
[2025-04-08 04:15:16] [INFO] Fan sensor value: 77.990906
[2025-04-08 04:15:16] [INFO] AC sensor value: 1624.364014
[2025-04-08 04:15:19] [INFO] Light sensor value: 9.788998
[2025-04-08 04:15:21] [INFO] Fan sensor value: 58.213573
[2025-04-08 04:15:22] [INFO] Light sensor value: 6.695045
[2025-04-08 04:15:25] [INFO] Light sensor value: 6.695045
[2025-04-08 04:15:26] [INFO] AC sensor value: 1405.497070
[2025-04-08 04:15:26] [INFO] Fan sensor value: 60.293556
[2025-04-08 04:15:27] [ERROR] SIGINT (2) received
[2025-04-08 04:15:28] [INFO] Light sensor value: 0.000000
[2025-04-08 04:15:30] [ERROR] Exiting...


[2025-04-08 04:16:04] [ERROR] 


[2025-04-08 04:16:04] [ERROR] Welcome to Smart Home
[2025-04-08 04:16:04] [INFO] Mocking sensor readings...
[2025-04-08 04:16:04] [INFO] Reading AC sensor...
[2025-04-08 04:16:04] [INFO] Reading fan sensor...
[2025-04-08 04:16:04] [INFO] Reading light sensor...
[2025-04-08 04:16:04] [INFO] AC sensor value: 0.000000
[2025-04-08 04:16:04] [INFO] Light sensor value: 0.000000
[2025-04-08 04:16:04] [INFO] Fan sensor value: 0.000000
[2025-04-08 04:16:07] [INFO] Light sensor value: 5.248027
[2025-04-08 04:16:07] [ERROR] SIGINT (2) received
[2025-04-08 04:16:07] [ERROR] Exiting...


[2025-04-08 04:16:14] [ERROR] 


[2025-04-08 04:16:14] [ERROR] Welcome to Smart Home
[2025-04-08 04:16:14] [INFO] Reading light sensor...
[2025-04-08 04:16:14] [INFO] Reading AC sensor...
[2025-04-08 04:16:14] [INFO] Reading fan sensor...
[2025-04-08 04:16:14] [INFO] Mocking sensor readings...
[2025-04-08 04:16:14] [INFO] Light sensor value: 0.000000
[2025-04-08 04:16:14] [INFO] Fan sensor value: 0.000000
[2025-04-08 04:16:14] [INFO] AC sensor value: 0.000000
[2025-04-08 04:16:17] [INFO] Light sensor value: 6.565928
[2025-04-08 04:16:19] [INFO] Fan sensor value: 71.966850
[2025-04-08 04:16:20] [INFO] Light sensor value: 10.931242
[2025-04-08 04:16:22] [ERROR] SIGINT (2) received
[2025-04-08 04:16:22] [ERROR] Exiting...


[2025-04-08 04:17:09] [ERROR] 


[2025-04-08 04:17:09] [ERROR] Welcome to Smart Home
[2025-04-08 04:17:09] [INFO] Reading fan sensor...
[2025-04-08 04:17:09] [INFO] Reading light sensor...
[2025-04-08 04:17:09] [INFO] Reading AC sensor...
[2025-04-08 04:17:09] [INFO] Mocking sensor readings...
[2025-04-08 04:17:09] [INFO] Light sensor value: 0.000000
[2025-04-08 04:17:09] [INFO] Fan sensor value: 0.000000
[2025-04-08 04:17:09] [INFO] AC sensor value: 0.000000
[2025-04-08 04:17:11] [ERROR] SIGINT (2) received
[2025-04-08 04:17:11] [ERROR] Exiting...


[2025-04-08 04:43:39] [ERROR] 


[2025-04-08 04:43:39] [ERROR] Welcome to Smart Home
[2025-04-08 04:43:39] [INFO] Reading light sensor...
[2025-04-08 04:43:39] [INFO] Reading AC sensor...
[2025-04-08 04:43:39] [INFO] Mocking sensor readings...
[2025-04-08 04:43:39] [INFO] Reading fan sensor...
[2025-04-08 04:43:39] [INFO] Light sensor value: 1.000000
[2025-04-08 04:43:39] [INFO] AC sensor value: 0.000000
[2025-04-08 04:43:39] [INFO] Fan sensor value: 0.000000
[2025-04-08 04:43:42] [INFO] Light sensor value: 7.133044
[2025-04-08 04:43:44] [INFO] Fan sensor value: 57.324955
[2025-04-08 04:43:45] [INFO] Light sensor value: 11.466446
[2025-04-08 04:43:48] [INFO] Light sensor value: 11.466446
[2025-04-08 04:43:49] [INFO] AC sensor value: 752.825989
[2025-04-08 04:43:49] [INFO] Fan sensor value: 74.243286
[2025-04-08 04:43:51] [INFO] Light sensor value: 15.781047
[2025-04-08 04:43:54] [INFO] Fan sensor value: 76.064865
[2025-04-08 04:43:54] [INFO] Light sensor value: 5.190221
[2025-04-08 04:43:57] [INFO] Light sensor value: 5.190221
[2025-04-08 04:43:59] [INFO] AC sensor value: 1330.855713
[2025-04-08 04:43:59] [INFO] Fan sensor value: 78.108223
[2025-04-08 04:44:00] [INFO] Light sensor value: 9.640327
[2025-04-08 04:44:03] [INFO] Light sensor value: 9.640327
[2025-04-08 04:44:04] [INFO] Fan sensor value: 65.155739
[2025-04-08 04:44:06] [INFO] Light sensor value: 6.485331
[2025-04-08 04:44:09] [INFO] AC sensor value: 809.238098
[2025-04-08 04:44:09] [INFO] Fan sensor value: 52.034187
[2025-04-08 04:44:09] [INFO] Light sensor value: 10.835018
[2025-04-08 04:44:12] [INFO] Light sensor value: 10.835018
[2025-04-08 04:44:14] [INFO] Fan sensor value: 69.049492
[2025-04-08 04:44:15] [INFO] Light sensor value: 15.163921
[2025-04-08 04:44:18] [INFO] Light sensor value: 15.163921
[2025-04-08 04:44:19] [INFO] AC sensor value: 1384.077026
[2025-04-08 04:44:19] [INFO] Fan sensor value: 70.862717
[2025-04-08 04:44:21] [INFO] Light sensor value: 12.148134
[2025-04-08 04:44:24] [INFO] Fan sensor value: 58.017223
[2025-04-08 04:44:24] [INFO] Light sensor value: 16.555294
[2025-04-08 04:44:27] [INFO] Light sensor value: 16.555294
[2025-04-08 04:44:29] [INFO] AC sensor value: 874.127686
[2025-04-08 04:44:29] [INFO] Fan sensor value: 75.017929
[2025-04-08 04:44:30] [INFO] Light sensor value: 5.856277
[2025-04-08 04:44:33] [INFO] Light sensor value: 5.856277
[2025-04-08 04:44:34] [INFO] Fan sensor value: 76.823227
[2025-04-08 04:44:36] [INFO] Light sensor value: 17.763577
[2025-04-08 04:44:39] [INFO] AC sensor value: 898.357788
[2025-04-08 04:44:39] [INFO] Fan sensor value: 63.832813
[2025-04-08 04:44:39] [INFO] Light sensor value: 14.616848
[2025-04-08 04:44:42] [INFO] Light sensor value: 14.616848
[2025-04-08 04:44:44] [INFO] Fan sensor value: 65.785522
[2025-04-08 04:44:45] [INFO] Light sensor value: 19.003857
[2025-04-08 04:44:48] [INFO] Light sensor value: 19.003857
[2025-04-08 04:44:49] [INFO] AC sensor value: 1475.708984
[2025-04-08 04:44:49] [INFO] Fan sensor value: 67.719582
[2025-04-08 04:44:51] [ERROR] SIGINT (2) received
[2025-04-08 04:44:51] [ERROR] Exiting...


[2025-04-08 04:44:57] [ERROR] 


[2025-04-08 04:44:57] [ERROR] Welcome to Smart Home
[2025-04-08 04:44:57] [INFO] Reading fan sensor...
[2025-04-08 04:44:57] [INFO] Mocking sensor readings...
[2025-04-08 04:44:57] [INFO] Reading light sensor...
[2025-04-08 04:44:57] [INFO] Reading AC sensor...
[2025-04-08 04:44:57] [INFO] Fan sensor value: 0.000000
[2025-04-08 04:44:57] [INFO] AC sensor value: 0.000000
[2025-04-08 04:44:57] [INFO] Light sensor value: 0.000000
[2025-04-08 04:45:00] [INFO] Light sensor value: 13.914325
[2025-04-08 04:45:02] [INFO] Fan sensor value: 63.819523
[2025-04-08 04:45:03] [INFO] Light sensor value: 10.776209
[2025-04-08 04:45:06] [INFO] Light sensor value: 10.776209
[2025-04-08 04:45:07] [INFO] AC sensor value: 1419.861328
[2025-04-08 04:45:07] [INFO] Fan sensor value: 65.850876
[2025-04-08 04:45:09] [INFO] Light sensor value: 7.603383
[2025-04-08 04:45:12] [INFO] Fan sensor value: 52.704929
[2025-04-08 04:45:12] [INFO] Light sensor value: 19.586357
[2025-04-08 04:45:15] [INFO] Light sensor value: 19.586357
[2025-04-08 04:45:17] [INFO] AC sensor value: 902.934692
[2025-04-08 04:45:17] [INFO] Fan sensor value: 54.840534
[2025-04-08 04:45:18] [INFO] Light sensor value: 8.911164
[2025-04-08 04:45:21] [INFO] Light sensor value: 8.911164
[2025-04-08 04:45:22] [INFO] Fan sensor value: 56.728569
[2025-04-08 04:45:24] [INFO] Light sensor value: 13.279264
[2025-04-08 04:45:27] [INFO] AC sensor value: 1474.895630
[2025-04-08 04:45:27] [INFO] Fan sensor value: 58.644131
[2025-04-08 04:45:27] [INFO] Light sensor value: 13.279264
[2025-04-08 04:45:30] [INFO] Light sensor value: 17.616245
[2025-04-08 04:45:32] [INFO] Fan sensor value: 60.540833
[2025-04-08 04:45:33] [ERROR] SIGINT (2) received
[2025-04-08 04:45:33] [ERROR] Exiting...


[2025-04-08 04:47:23] [ERROR] 


[2025-04-08 04:47:23] [ERROR] Welcome to Smart Home
[2025-04-08 04:47:23] [INFO] Reading light sensor...
[2025-04-08 04:47:23] [INFO] Reading fan sensor...
[2025-04-08 04:47:23] [INFO] Mocking sensor readings...
[2025-04-08 04:47:23] [INFO] Reading AC sensor...
[2025-04-08 04:47:23] [INFO] Light sensor value: 0.000000
[2025-04-08 04:47:23] [INFO] AC sensor value: 0.000000
[2025-04-08 04:47:23] [INFO] Fan sensor value: 0.000000
[2025-04-08 04:47:26] [INFO] Light sensor value: 18.726934
[2025-04-08 04:47:28] [INFO] Fan sensor value: 73.018326
[2025-04-08 04:47:29] [INFO] Light sensor value: 15.636259
[2025-04-08 04:47:32] [INFO] Light sensor value: 15.636259
[2025-04-08 04:47:33] [INFO] AC sensor value: 1625.500000
[2025-04-08 04:47:33] [INFO] Fan sensor value: 77.156387
[2025-04-08 04:47:35] [INFO] Light sensor value: 12.548405
[2025-04-08 04:47:38] [INFO] Light sensor value: 12.548405
[2025-04-08 04:47:38] [INFO] Fan sensor value: 78.983589
[2025-04-08 04:47:41] [INFO] Light sensor value: 16.849957
[2025-04-08 04:47:43] [INFO] AC sensor value: 1651.711182
[2025-04-08 04:47:43] [INFO] Fan sensor value: 50.942780
[2025-04-08 04:47:44] [INFO] Light sensor value: 13.734488
[2025-04-08 04:47:47] [INFO] Light sensor value: 13.734488
[2025-04-08 04:47:48] [INFO] Fan sensor value: 67.976204
[2025-04-08 04:47:50] [INFO] Light sensor value: 18.159004
[2025-04-08 04:47:53] [INFO] Light sensor value: 18.159004
[2025-04-08 04:47:53] [INFO] AC sensor value: 1684.547119
[2025-04-08 04:47:53] [INFO] Fan sensor value: 54.831535
[2025-04-08 04:47:56] [INFO] Light sensor value: 7.488953
[2025-04-08 04:47:58] [INFO] Fan sensor value: 56.760036
[2025-04-08 04:47:59] [INFO] Light sensor value: 11.848768
[2025-04-08 04:48:01] [ERROR] SIGINT (2) received
[2025-04-08 04:48:01] [ERROR] Exiting...


[2025-04-08 04:53:34] [ERROR] 


[2025-04-08 04:53:34] [ERROR] Welcome to Smart Home
[2025-04-08 04:53:34] [INFO] Reading fan sensor...
[2025-04-08 04:53:34] [INFO] Mocking sensor readings...
[2025-04-08 04:53:34] [INFO] Reading AC sensor...
[2025-04-08 04:53:34] [INFO] Reading light sensor...
[2025-04-08 04:53:34] [INFO] AC sensor value: 0.000000
[2025-04-08 04:53:34] [INFO] Fan sensor value: 0.000000
[2025-04-08 04:53:34] [INFO] Light sensor value: 0.000000
[2025-04-08 04:53:37] [INFO] Light sensor value: 10.613722
[2025-04-08 04:53:39] [INFO] Fan sensor value: 65.646049
[2025-04-08 04:53:40] [INFO] Light sensor value: 15.012189
[2025-04-08 04:53:43] [INFO] Light sensor value: 15.012189
[2025-04-08 04:53:44] [INFO] AC sensor value: 1385.311523
[2025-04-08 04:53:44] [INFO] Fan sensor value: 52.633953
[2025-04-08 04:53:46] [INFO] Light sensor value: 11.880463
[2025-04-08 04:53:49] [INFO] Fan sensor value: 69.576439
[2025-04-08 04:53:49] [INFO] Light sensor value: 16.289679
[2025-04-08 04:53:52] [INFO] Light sensor value: 16.289679
[2025-04-08 04:53:54] [INFO] AC sensor value: 1418.139771
[2025-04-08 04:53:54] [INFO] Fan sensor value: 56.621986
[2025-04-08 04:53:55] [INFO] Light sensor value: 13.078302
[2025-04-08 04:53:57] [ERROR] SIGINT (2) received
[2025-04-08 04:53:57] [ERROR] Exiting...


[2025-04-08 04:53:58] [ERROR] 


[2025-04-08 04:53:58] [ERROR] Welcome to Smart Home
[2025-04-08 04:53:58] [INFO] Reading AC sensor...
[2025-04-08 04:53:58] [INFO] Mocking sensor readings...
[2025-04-08 04:53:58] [INFO] Reading light sensor...
[2025-04-08 04:53:58] [INFO] Reading fan sensor...
[2025-04-08 04:53:58] [INFO] AC sensor value: 0.000000
[2025-04-08 04:53:58] [INFO] Light sensor value: 0.000000
[2025-04-08 04:53:58] [INFO] Fan sensor value: 0.000000
[2025-04-08 04:54:01] [INFO] Light sensor value: 12.110783
[2025-04-08 04:54:03] [INFO] Fan sensor value: 62.996357
[2025-04-08 04:54:04] [INFO] Light sensor value: 16.510189
[2025-04-08 04:54:07] [INFO] Light sensor value: 16.510189
[2025-04-08 04:54:08] [INFO] AC sensor value: 1673.810059
[2025-04-08 04:54:08] [INFO] Fan sensor value: 65.011650
[2025-04-08 04:54:10] [INFO] Light sensor value: 13.392939
[2025-04-08 04:54:13] [INFO] Fan sensor value: 66.998398
[2025-04-08 04:54:13] [INFO] Light sensor value: 10.230978
[2025-04-08 04:54:14] [ERROR] SIGINT (2) received
[2025-04-08 04:54:14] [ERROR] Exiting...


[2025-04-08 04:56:18] [ERROR] 


[2025-04-08 04:56:18] [ERROR] Welcome to Smart Home
[2025-04-08 04:56:18] [INFO] Reading AC sensor...
[2025-04-08 04:56:18] [INFO] Mocking sensor readings...
[2025-04-08 04:56:18] [INFO] Reading light sensor...
[2025-04-08 04:56:18] [INFO] Reading fan sensor...
[2025-04-08 04:56:18] [INFO] AC sensor value: 0.000000
[2025-04-08 04:56:18] [INFO] Fan sensor value: 0.000000
[2025-04-08 04:56:18] [INFO] Light sensor value: 0.000000
[2025-04-08 04:56:21] [INFO] Light sensor value: 14.681782
[2025-04-08 04:56:23] [INFO] Fan sensor value: 72.896378
[2025-04-08 04:56:24] [INFO] Light sensor value: 19.116816
[2025-04-08 04:56:27] [INFO] Light sensor value: 19.116816
[2025-04-08 04:56:28] [INFO] AC sensor value: 981.669189
[2025-04-08 04:56:28] [INFO] Fan sensor value: 59.939865
[2025-04-08 04:56:30] [INFO] Light sensor value: 15.995160
[2025-04-08 04:56:33] [INFO] Fan sensor value: 61.858273
[2025-04-08 04:56:33] [INFO] Light sensor value: 12.841233
[2025-04-08 04:56:36] [INFO] Light sensor value: 12.841233
[2025-04-08 04:56:38] [INFO] AC sensor value: 1010.056152
[2025-04-08 04:56:38] [INFO] Fan sensor value: 78.806015
[2025-04-08 04:56:39] [INFO] Light sensor value: 9.719706
[2025-04-08 04:56:42] [INFO] Light sensor value: 9.719706
[2025-04-08 04:56:43] [INFO] Fan sensor value: 65.762840
[2025-04-08 04:56:45] [INFO] Light sensor value: 14.108782
[2025-04-08 04:56:48] [INFO] AC sensor value: 1038.685547
[2025-04-08 04:56:48] [INFO] Fan sensor value: 67.797981
[2025-04-08 04:56:48] [INFO] Light sensor value: 11.016674
[2025-04-08 04:56:51] [INFO] Light sensor value: 11.016674
[2025-04-08 04:56:53] [INFO] Fan sensor value: 54.779018
[2025-04-08 04:56:54] [INFO] Light sensor value: 7.884516
[2025-04-08 04:56:57] [INFO] Light sensor value: 7.884516
[2025-04-08 04:56:58] [INFO] AC sensor value: 1069.592285
[2025-04-08 04:56:58] [INFO] Fan sensor value: 71.661057
[2025-04-08 04:57:01] [INFO] Light sensor value: 12.237926
[2025-04-08 04:57:03] [INFO] Fan sensor value: 73.607513
[2025-04-08 04:57:04] [INFO] Light sensor value: 16.619099
[2025-04-08 04:57:07] [INFO] Light sensor value: 16.619099
[2025-04-08 04:57:08] [INFO] AC sensor value: 1647.799561
[2025-04-08 04:57:08] [INFO] Fan sensor value: 75.578018
[2025-04-08 04:57:10] [INFO] Light sensor value: 13.487474
[2025-04-08 04:57:13] [INFO] Light sensor value: 13.487474
[2025-04-08 04:57:13] [INFO] Fan sensor value: 62.513611
[2025-04-08 04:57:16] [INFO] Light sensor value: 17.933201
[2025-04-08 04:57:18] [INFO] AC sensor value: 1679.411865
[2025-04-08 04:57:19] [INFO] Fan sensor value: 0.000000
[2025-04-08 04:57:19] [INFO] Light sensor value: 7.286991
[2025-04-08 04:57:22] [INFO] Light sensor value: 7.286991
[2025-04-08 04:57:24] [INFO] Fan sensor value: 66.520500
[2025-04-08 04:57:25] [INFO] Light sensor value: 17.039949
[2025-04-08 04:57:28] [INFO] Light sensor value: 17.039949
[2025-04-08 04:57:28] [INFO] AC sensor value: 937.591187
[2025-04-08 04:57:29] [INFO] Fan sensor value: 52.835953
[2025-04-08 04:57:31] [INFO] Light sensor value: 6.416985
[2025-04-08 04:57:34] [INFO] Fan sensor value: 54.645153
[2025-04-08 04:57:34] [INFO] Light sensor value: 10.737284
[2025-04-08 04:57:37] [INFO] Light sensor value: 10.737284
[2025-04-08 04:57:38] [INFO] AC sensor value: 964.815247
[2025-04-08 04:57:39] [INFO] Fan sensor value: 56.713337
[2025-04-08 04:57:40] [INFO] Light sensor value: 15.146550
[2025-04-08 04:57:43] [INFO] Light sensor value: 15.146550
[2025-04-08 04:57:44] [INFO] Fan sensor value: 58.765759
[2025-04-08 04:57:46] [INFO] Light sensor value: 19.572433
[2025-04-08 04:57:48] [INFO] AC sensor value: 1000.357849
[2025-04-08 04:57:49] [INFO] Fan sensor value: 60.707790
[2025-04-08 04:57:49] [INFO] Light sensor value: 8.956326
[2025-04-08 04:57:52] [INFO] Light sensor value: 8.956326
[2025-04-08 04:57:54] [INFO] Fan sensor value: 77.533134
[2025-04-08 04:57:55] [INFO] Light sensor value: 13.258687
[2025-04-08 04:57:58] [INFO] Light sensor value: 13.258687
[2025-04-08 04:57:58] [INFO] AC sensor value: 1573.518555
[2025-04-08 04:57:59] [INFO] Fan sensor value: 64.581947
[2025-04-08 04:58:01] [INFO] Light sensor value: 17.670334
[2025-04-08 04:58:04] [INFO] Fan sensor value: 66.515808
[2025-04-08 04:58:04] [INFO] Light sensor value: 7.035836
[2025-04-08 04:58:07] [INFO] Light sensor value: 7.035836
[2025-04-08 04:58:08] [INFO] AC sensor value: 1605.597168
[2025-04-08 04:58:09] [INFO] Fan sensor value: 68.471252
[2025-04-08 04:58:10] [ERROR] SIGINT (2) received
[2025-04-08 04:58:10] [ERROR] Exiting...


